1629764821.037161 client started (6093): version 3.2a, socket /tmp/tmux-1000/default, protocol 8
1629764821.037223 on Linux 4.19.201-1-MANJARO #1 SMP Thu Aug 5 17:01:29 UTC 2021
1629764821.037247 using libevent 2.1.12-stable (poll); ncurses 6.2
1629764821.037303 flags are 0x10010000
1629764821.037314 socket is /tmp/tmux-1000/default
1629764821.037336 trying connect
1629764821.037489 add peer 0x55cac746ecc0: 6 ((nil))
1629764821.037999 sending message 100 to peer 0x55cac746ecc0 (4 bytes)
1629764821.038021 sending message 111 to peer 0x55cac746ecc0 (8 bytes)
1629764821.038032 sending message 101 to peer 0x55cac746ecc0 (7 bytes)
1629764821.038042 sending message 109 to peer 0x55cac746ecc0 (4 bytes)
1629764821.038052 sending message 102 to peer 0x55cac746ecc0 (11 bytes)
1629764821.038063 sending message 108 to peer 0x55cac746ecc0 (12 bytes)
1629764821.038074 sending message 112 to peer 0x55cac746ecc0 (70 bytes)
1629764821.038085 sending message 112 to peer 0x55cac746ecc0 (5 bytes)
1629764821.038096 sending message 112 to peer 0x55cac746ecc0 (5 bytes)
1629764821.038106 sending message 112 to peer 0x55cac746ecc0 (6 bytes)
1629764821.038115 sending message 112 to peer 0x55cac746ecc0 (6 bytes)
1629764821.038139 sending message 112 to peer 0x55cac746ecc0 (11 bytes)
1629764821.038141 sending message 112 to peer 0x55cac746ecc0 (10 bytes)
1629764821.038143 sending message 112 to peer 0x55cac746ecc0 (13 bytes)
1629764821.038145 sending message 112 to peer 0x55cac746ecc0 (13 bytes)
1629764821.038148 sending message 112 to peer 0x55cac746ecc0 (18 bytes)
1629764821.038150 sending message 112 to peer 0x55cac746ecc0 (9 bytes)
1629764821.038152 sending message 112 to peer 0x55cac746ecc0 (21 bytes)
1629764821.038154 sending message 112 to peer 0x55cac746ecc0 (13 bytes)
1629764821.038157 sending message 112 to peer 0x55cac746ecc0 (7 bytes)
1629764821.038159 sending message 112 to peer 0x55cac746ecc0 (13 bytes)
1629764821.038161 sending message 112 to peer 0x55cac746ecc0 (7 bytes)
1629764821.038164 sending message 112 to peer 0x55cac746ecc0 (13 bytes)
1629764821.038166 sending message 112 to peer 0x55cac746ecc0 (9 bytes)
1629764821.038168 sending message 112 to peer 0x55cac746ecc0 (21 bytes)
1629764821.038170 sending message 112 to peer 0x55cac746ecc0 (13 bytes)
1629764821.038172 sending message 112 to peer 0x55cac746ecc0 (8 bytes)
1629764821.038175 sending message 112 to peer 0x55cac746ecc0 (12 bytes)
1629764821.038177 sending message 112 to peer 0x55cac746ecc0 (13 bytes)
1629764821.038179 sending message 112 to peer 0x55cac746ecc0 (9 bytes)
1629764821.038182 sending message 112 to peer 0x55cac746ecc0 (9 bytes)
1629764821.038184 sending message 112 to peer 0x55cac746ecc0 (12 bytes)
1629764821.038186 sending message 112 to peer 0x55cac746ecc0 (8 bytes)
1629764821.038188 sending message 112 to peer 0x55cac746ecc0 (7 bytes)
1629764821.038191 sending message 112 to peer 0x55cac746ecc0 (7 bytes)
1629764821.038193 sending message 112 to peer 0x55cac746ecc0 (9 bytes)
1629764821.038195 sending message 112 to peer 0x55cac746ecc0 (13 bytes)
1629764821.038197 sending message 112 to peer 0x55cac746ecc0 (9 bytes)
1629764821.038200 sending message 112 to peer 0x55cac746ecc0 (15 bytes)
1629764821.038202 sending message 112 to peer 0x55cac746ecc0 (13 bytes)
1629764821.038204 sending message 112 to peer 0x55cac746ecc0 (12 bytes)
1629764821.038206 sending message 112 to peer 0x55cac746ecc0 (8 bytes)
1629764821.038209 sending message 112 to peer 0x55cac746ecc0 (14 bytes)
1629764821.038211 sending message 112 to peer 0x55cac746ecc0 (9 bytes)
1629764821.038213 sending message 112 to peer 0x55cac746ecc0 (10 bytes)
1629764821.038215 sending message 112 to peer 0x55cac746ecc0 (10 bytes)
1629764821.038218 sending message 112 to peer 0x55cac746ecc0 (10 bytes)
1629764821.038220 sending message 112 to peer 0x55cac746ecc0 (10 bytes)
1629764821.038222 sending message 112 to peer 0x55cac746ecc0 (11 bytes)
1629764821.038225 sending message 112 to peer 0x55cac746ecc0 (10 bytes)
1629764821.038227 sending message 112 to peer 0x55cac746ecc0 (8 bytes)
1629764821.038229 sending message 112 to peer 0x55cac746ecc0 (11 bytes)
1629764821.038235 sending message 112 to peer 0x55cac746ecc0 (11 bytes)
1629764821.038237 sending message 112 to peer 0x55cac746ecc0 (11 bytes)
1629764821.038240 sending message 112 to peer 0x55cac746ecc0 (8 bytes)
1629764821.038242 sending message 112 to peer 0x55cac746ecc0 (8 bytes)
1629764821.038244 sending message 112 to peer 0x55cac746ecc0 (8 bytes)
1629764821.038247 sending message 112 to peer 0x55cac746ecc0 (10 bytes)
1629764821.038249 sending message 112 to peer 0x55cac746ecc0 (10 bytes)
1629764821.038251 sending message 112 to peer 0x55cac746ecc0 (10 bytes)
1629764821.038254 sending message 112 to peer 0x55cac746ecc0 (10 bytes)
1629764821.038256 sending message 112 to peer 0x55cac746ecc0 (10 bytes)
1629764821.038258 sending message 112 to peer 0x55cac746ecc0 (11 bytes)
1629764821.038260 sending message 112 to peer 0x55cac746ecc0 (11 bytes)
1629764821.038263 sending message 112 to peer 0x55cac746ecc0 (10 bytes)
1629764821.038265 sending message 112 to peer 0x55cac746ecc0 (9 bytes)
1629764821.038267 sending message 112 to peer 0x55cac746ecc0 (9 bytes)
1629764821.038269 sending message 112 to peer 0x55cac746ecc0 (12 bytes)
1629764821.038272 sending message 112 to peer 0x55cac746ecc0 (9 bytes)
1629764821.038274 sending message 112 to peer 0x55cac746ecc0 (6 bytes)
1629764821.038276 sending message 112 to peer 0x55cac746ecc0 (8 bytes)
1629764821.038278 sending message 112 to peer 0x55cac746ecc0 (15 bytes)
1629764821.038281 sending message 112 to peer 0x55cac746ecc0 (13 bytes)
1629764821.038283 sending message 112 to peer 0x55cac746ecc0 (16 bytes)
1629764821.038285 sending message 112 to peer 0x55cac746ecc0 (16 bytes)
1629764821.038287 sending message 112 to peer 0x55cac746ecc0 (10 bytes)
1629764821.038290 sending message 112 to peer 0x55cac746ecc0 (8 bytes)
1629764821.038292 sending message 112 to peer 0x55cac746ecc0 (15 bytes)
1629764821.038294 sending message 112 to peer 0x55cac746ecc0 (13 bytes)
1629764821.038296 sending message 112 to peer 0x55cac746ecc0 (10 bytes)
1629764821.038299 sending message 112 to peer 0x55cac746ecc0 (10 bytes)
1629764821.038301 sending message 112 to peer 0x55cac746ecc0 (5 bytes)
1629764821.038303 sending message 112 to peer 0x55cac746ecc0 (15 bytes)
1629764821.038306 sending message 104 to peer 0x55cac746ecc0 (0 bytes)
1629764821.038309 sending message 110 to peer 0x55cac746ecc0 (0 bytes)
1629764821.038312 sending message 107 to peer 0x55cac746ecc0 (4 bytes)
1629764821.038314 sending message 105 to peer 0x55cac746ecc0 (25 bytes)
1629764821.038316 sending message 105 to peer 0x55cac746ecc0 (26 bytes)
1629764821.038319 sending message 105 to peer 0x55cac746ecc0 (19 bytes)
1629764821.038321 sending message 105 to peer 0x55cac746ecc0 (54 bytes)
1629764821.038323 sending message 105 to peer 0x55cac746ecc0 (23 bytes)
1629764821.038325 sending message 105 to peer 0x55cac746ecc0 (62 bytes)
1629764821.038328 sending message 105 to peer 0x55cac746ecc0 (11 bytes)
1629764821.038330 sending message 105 to peer 0x55cac746ecc0 (21 bytes)
1629764821.038332 sending message 105 to peer 0x55cac746ecc0 (86 bytes)
1629764821.038335 sending message 105 to peer 0x55cac746ecc0 (32 bytes)
1629764821.038337 sending message 105 to peer 0x55cac746ecc0 (73 bytes)
1629764821.038339 sending message 105 to peer 0x55cac746ecc0 (17 bytes)
1629764821.038348 sending message 105 to peer 0x55cac746ecc0 (28 bytes)
1629764821.038352 sending message 105 to peer 0x55cac746ecc0 (22 bytes)
1629764821.038354 sending message 105 to peer 0x55cac746ecc0 (21 bytes)
1629764821.038356 sending message 105 to peer 0x55cac746ecc0 (22 bytes)
1629764821.038359 sending message 105 to peer 0x55cac746ecc0 (17 bytes)
1629764821.038361 sending message 105 to peer 0x55cac746ecc0 (23 bytes)
1629764821.038363 sending message 105 to peer 0x55cac746ecc0 (30 bytes)
1629764821.038365 sending message 105 to peer 0x55cac746ecc0 (27 bytes)
1629764821.038368 sending message 105 to peer 0x55cac746ecc0 (24 bytes)
1629764821.038370 sending message 105 to peer 0x55cac746ecc0 (20 bytes)
1629764821.038372 sending message 105 to peer 0x55cac746ecc0 (23 bytes)
1629764821.038376 sending message 105 to peer 0x55cac746ecc0 (21 bytes)
1629764821.038379 sending message 105 to peer 0x55cac746ecc0 (25 bytes)
1629764821.038381 sending message 105 to peer 0x55cac746ecc0 (20 bytes)
1629764821.038383 sending message 105 to peer 0x55cac746ecc0 (14 bytes)
1629764821.038386 sending message 105 to peer 0x55cac746ecc0 (27 bytes)
1629764821.038388 sending message 105 to peer 0x55cac746ecc0 (15 bytes)
1629764821.038390 sending message 105 to peer 0x55cac746ecc0 (41 bytes)
1629764821.038392 sending message 105 to peer 0x55cac746ecc0 (19 bytes)
1629764821.038395 sending message 105 to peer 0x55cac746ecc0 (50 bytes)
1629764821.038397 sending message 105 to peer 0x55cac746ecc0 (247 bytes)
1629764821.038399 sending message 105 to peer 0x55cac746ecc0 (16 bytes)
1629764821.038402 sending message 105 to peer 0x55cac746ecc0 (30 bytes)
1629764821.038404 sending message 105 to peer 0x55cac746ecc0 (35 bytes)
1629764821.038406 sending message 105 to peer 0x55cac746ecc0 (86 bytes)
1629764821.038409 sending message 105 to peer 0x55cac746ecc0 (19 bytes)
1629764821.038411 sending message 105 to peer 0x55cac746ecc0 (8 bytes)
1629764821.038413 sending message 105 to peer 0x55cac746ecc0 (22 bytes)
1629764821.038415 sending message 105 to peer 0x55cac746ecc0 (12 bytes)
1629764821.038418 sending message 105 to peer 0x55cac746ecc0 (18 bytes)
1629764821.038420 sending message 105 to peer 0x55cac746ecc0 (26 bytes)
1629764821.038422 sending message 105 to peer 0x55cac746ecc0 (35 bytes)
1629764821.038425 sending message 105 to peer 0x55cac746ecc0 (14 bytes)
1629764821.038427 sending message 105 to peer 0x55cac746ecc0 (11 bytes)
1629764821.038429 sending message 105 to peer 0x55cac746ecc0 (18 bytes)
1629764821.038431 sending message 105 to peer 0x55cac746ecc0 (35 bytes)
1629764821.038434 sending message 105 to peer 0x55cac746ecc0 (16 bytes)
1629764821.038436 sending message 105 to peer 0x55cac746ecc0 (29 bytes)
1629764821.038438 sending message 105 to peer 0x55cac746ecc0 (57 bytes)
1629764821.038440 sending message 105 to peer 0x55cac746ecc0 (24 bytes)
1629764821.038443 sending message 105 to peer 0x55cac746ecc0 (143 bytes)
1629764821.038445 sending message 105 to peer 0x55cac746ecc0 (31 bytes)
1629764821.038447 sending message 105 to peer 0x55cac746ecc0 (15 bytes)
1629764821.038450 sending message 105 to peer 0x55cac746ecc0 (52 bytes)
1629764821.038452 sending message 105 to peer 0x55cac746ecc0 (23 bytes)
1629764821.038454 sending message 105 to peer 0x55cac746ecc0 (24 bytes)
1629764821.038457 sending message 105 to peer 0x55cac746ecc0 (17 bytes)
1629764821.038459 sending message 105 to peer 0x55cac746ecc0 (58 bytes)
1629764821.038461 sending message 105 to peer 0x55cac746ecc0 (21 bytes)
1629764821.038463 sending message 105 to peer 0x55cac746ecc0 (11 bytes)
1629764821.038465 sending message 105 to peer 0x55cac746ecc0 (16 bytes)
1629764821.038468 sending message 106 to peer 0x55cac746ecc0 (0 bytes)
1629764821.038471 sending message 200 to peer 0x55cac746ecc0 (4 bytes)
1629764821.038474 client loop enter
1629764821.039996 peer 0x55cac746ecc0 message 303
1629764821.040003 open write file 2 -
1629764821.040009 sending message 305 to peer 0x55cac746ecc0 (8 bytes)
1629764821.040021 write check file 2
1629764821.040158 peer 0x55cac746ecc0 message 304
1629764821.040165 write 58 to file 2
1629764821.040169 peer 0x55cac746ecc0 message 203
1629764821.040171 file 2 58 bytes left
1629764821.040181 write check file 2
1629764821.040185 client loop exit
